23-Jan-2022 18:46:57.026 信息 [main] org.apache.catalina.startup.VersionLoggerListener.log Server.服务器版本: Apache Tomcat/10.0.16
23-Jan-2022 18:46:57.033 信息 [main] org.apache.catalina.startup.VersionLoggerListener.log 服务器构建:        Jan 15 2022 13:19:56 UTC
23-Jan-2022 18:46:57.033 信息 [main] org.apache.catalina.startup.VersionLoggerListener.log 服务器版本号:      10.0.16.0
23-Jan-2022 18:46:57.034 信息 [main] org.apache.catalina.startup.VersionLoggerListener.log 操作系统名称:      Windows 10
23-Jan-2022 18:46:57.035 信息 [main] org.apache.catalina.startup.VersionLoggerListener.log OS.版本:           10.0
23-Jan-2022 18:46:57.035 信息 [main] org.apache.catalina.startup.VersionLoggerListener.log 架构:              amd64
23-Jan-2022 18:46:57.035 信息 [main] org.apache.catalina.startup.VersionLoggerListener.log Java 环境变量:     C:\Program Files\Java\jdk-17.0.1
23-Jan-2022 18:46:57.035 信息 [main] org.apache.catalina.startup.VersionLoggerListener.log Java虚拟机版本:    17.0.1+12-LTS-39
23-Jan-2022 18:46:57.035 信息 [main] org.apache.catalina.startup.VersionLoggerListener.log JVM.供应商:        Oracle Corporation
23-Jan-2022 18:46:57.035 信息 [main] org.apache.catalina.startup.VersionLoggerListener.log CATALINA_BASE:     D:\project-takeout_bin\tomcat
23-Jan-2022 18:46:57.036 信息 [main] org.apache.catalina.startup.VersionLoggerListener.log CATALINA_HOME:     D:\project-takeout_bin\tomcat
23-Jan-2022 18:46:57.041 信息 [main] org.apache.catalina.startup.VersionLoggerListener.log 命令行参数：       --add-opens=java.base/java.lang=ALL-UNNAMED
23-Jan-2022 18:46:57.041 信息 [main] org.apache.catalina.startup.VersionLoggerListener.log 命令行参数：       --add-opens=java.base/java.io=ALL-UNNAMED
23-Jan-2022 18:46:57.041 信息 [main] org.apache.catalina.startup.VersionLoggerListener.log 命令行参数：       --add-opens=java.base/java.util=ALL-UNNAMED
23-Jan-2022 18:46:57.042 信息 [main] org.apache.catalina.startup.VersionLoggerListener.log 命令行参数：       --add-opens=java.base/java.util.concurrent=ALL-UNNAMED
23-Jan-2022 18:46:57.042 信息 [main] org.apache.catalina.startup.VersionLoggerListener.log 命令行参数：       --add-opens=java.rmi/sun.rmi.transport=ALL-UNNAMED
23-Jan-2022 18:46:57.043 信息 [main] org.apache.catalina.startup.VersionLoggerListener.log 命令行参数：       -Djava.util.logging.config.file=D:\project-takeout_bin\tomcat\conf\logging.properties
23-Jan-2022 18:46:57.043 信息 [main] org.apache.catalina.startup.VersionLoggerListener.log 命令行参数：       -Djava.util.logging.manager=org.apache.juli.ClassLoaderLogManager
23-Jan-2022 18:46:57.043 信息 [main] org.apache.catalina.startup.VersionLoggerListener.log 命令行参数：       -Djdk.tls.ephemeralDHKeySize=2048
23-Jan-2022 18:46:57.044 信息 [main] org.apache.catalina.startup.VersionLoggerListener.log 命令行参数：       -Djava.protocol.handler.pkgs=org.apache.catalina.webresources
23-Jan-2022 18:46:57.044 信息 [main] org.apache.catalina.startup.VersionLoggerListener.log 命令行参数：       -Dignore.endorsed.dirs=
23-Jan-2022 18:46:57.044 信息 [main] org.apache.catalina.startup.VersionLoggerListener.log 命令行参数：       -Dcatalina.base=D:\project-takeout_bin\tomcat
23-Jan-2022 18:46:57.045 信息 [main] org.apache.catalina.startup.VersionLoggerListener.log 命令行参数：       -Dcatalina.home=D:\project-takeout_bin\tomcat
23-Jan-2022 18:46:57.045 信息 [main] org.apache.catalina.startup.VersionLoggerListener.log 命令行参数：       -Djava.io.tmpdir=D:\project-takeout_bin\tomcat\temp
23-Jan-2022 18:46:57.054 信息 [main] org.apache.catalina.core.AprLifecycleListener.lifecycleEvent 在java.library.path:[C:\Program Files\Java\jdk-17.0.1\bin;C:\Windows\Sun\Java\bin;C:\Windows\system32;C:\Windows;C:\Program Files\Common Files\Oracle\Java\javapath;D:\Program Files (x86)\VMware\bin\;C:\Program Files (x86)\Common Files\Oracle\Java\javapath;C:\Windows\system32;C:\Windows;C:\Windows\System32\Wbem;C:\Windows\System32\WindowsPowerShell\v1.0\;C:\Windows\System32\OpenSSH\;C:\Program Files (x86)\NVIDIA Corporation\PhysX\Common;C:\Program Files\NVIDIA Corporation\NVIDIA NvDLISR;D:\mingw-w64\mingw64\bin;C:\Program Files\Go\bin;C:\Program Files\Git\cmd;D:\Program Files (x86)\Node.js\;"C:\Program Files\Java\jdk-17.0.1\bin;C:\Program Files\Java\jdk-17.0.1\jre\bin";D:\code\mysql\bin;C:\Users\15928\AppData\Local\Microsoft\WindowsApps;D:\Program Files (x86)\;D:\Program Files (x86)\Bandizip\;C:\Program Files (x86)\Microsoft VS Code\bin;C:\Users\15928\go\bin;C:\Users\15928\AppData\Roaming\npm;C:\Users\15928\AppData\Local\Pandoc\;.]上找不到基于APR的Apache Tomcat本机库，该库允许在生产环境中获得最佳性能
23-Jan-2022 18:46:57.257 信息 [main] org.apache.coyote.AbstractProtocol.init 初始化协议处理器 ["http-nio-8080"]
23-Jan-2022 18:46:57.279 信息 [main] org.apache.catalina.startup.Catalina.load 服务器在[410]毫秒内初始化
23-Jan-2022 18:46:57.313 信息 [main] org.apache.catalina.core.StandardService.startInternal 正在启动服务[Catalina]
23-Jan-2022 18:46:57.313 信息 [main] org.apache.catalina.core.StandardEngine.startInternal 正在启动 Servlet 引擎：[Apache Tomcat/10.0.16]
23-Jan-2022 18:46:57.324 信息 [main] org.apache.catalina.startup.HostConfig.deployDirectory 把web 应用程序部署到目录 [D:\project-takeout_bin\tomcat\webapps\docs]
23-Jan-2022 18:46:57.538 信息 [main] org.apache.catalina.startup.HostConfig.deployDirectory Web应用程序目录[D:\project-takeout_bin\tomcat\webapps\docs]的部署已在[212]毫秒内完成
23-Jan-2022 18:46:57.547 信息 [main] org.apache.catalina.startup.HostConfig.deployDirectory 把web 应用程序部署到目录 [D:\project-takeout_bin\tomcat\webapps\examples]
23-Jan-2022 18:46:57.838 信息 [main] org.apache.catalina.startup.HostConfig.deployDirectory Web应用程序目录[D:\project-takeout_bin\tomcat\webapps\examples]的部署已在[292]毫秒内完成
23-Jan-2022 18:46:57.844 信息 [main] org.apache.catalina.startup.HostConfig.deployDirectory 把web 应用程序部署到目录 [D:\project-takeout_bin\tomcat\webapps\host-manager]
23-Jan-2022 18:46:57.877 信息 [main] org.apache.catalina.startup.HostConfig.deployDirectory Web应用程序目录[D:\project-takeout_bin\tomcat\webapps\host-manager]的部署已在[33]毫秒内完成
23-Jan-2022 18:46:57.878 信息 [main] org.apache.catalina.startup.HostConfig.deployDirectory 把web 应用程序部署到目录 [D:\project-takeout_bin\tomcat\webapps\manager]
23-Jan-2022 18:46:57.910 信息 [main] org.apache.catalina.startup.HostConfig.deployDirectory Web应用程序目录[D:\project-takeout_bin\tomcat\webapps\manager]的部署已在[31]毫秒内完成
23-Jan-2022 18:46:57.916 信息 [main] org.apache.catalina.startup.HostConfig.deployDirectory 把web 应用程序部署到目录 [D:\project-takeout_bin\tomcat\webapps\ROOT]
23-Jan-2022 18:46:57.936 信息 [main] org.apache.catalina.startup.HostConfig.deployDirectory Web应用程序目录[D:\project-takeout_bin\tomcat\webapps\ROOT]的部署已在[19]毫秒内完成
23-Jan-2022 18:46:57.939 信息 [main] org.apache.coyote.AbstractProtocol.start 开始协议处理句柄["http-nio-8080"]
23-Jan-2022 18:46:57.988 信息 [main] org.apache.catalina.startup.Catalina.start [709]毫秒后服务器启动
23-Jan-2022 23:28:12.564 信息 [main] org.apache.catalina.core.StandardServer.await 通过关闭端口接收到有效的关闭命令。正在停止服务器实例。
23-Jan-2022 23:28:12.570 信息 [main] org.apache.coyote.AbstractProtocol.pause 暂停ProtocolHandler["http-nio-8080"]
23-Jan-2022 23:28:12.589 信息 [main] org.apache.catalina.core.StandardService.stopInternal 正在停止服务[Catalina]
23-Jan-2022 23:28:12.627 信息 [main] org.apache.coyote.AbstractProtocol.stop 正在停止ProtocolHandler ["http-nio-8080"]
23-Jan-2022 23:28:12.650 信息 [main] org.apache.coyote.AbstractProtocol.destroy 正在摧毁协议处理器 ["http-nio-8080"]
