24-Jan-2022 19:29:51.274 信息 [main] org.apache.catalina.startup.VersionLoggerListener.log Server.服务器版本: Apache Tomcat/10.0.16
24-Jan-2022 19:29:51.282 信息 [main] org.apache.catalina.startup.VersionLoggerListener.log 服务器构建:        Jan 15 2022 13:19:56 UTC
24-Jan-2022 19:29:51.282 信息 [main] org.apache.catalina.startup.VersionLoggerListener.log 服务器版本号:      10.0.16.0
24-Jan-2022 19:29:51.284 信息 [main] org.apache.catalina.startup.VersionLoggerListener.log 操作系统名称:      Windows 10
24-Jan-2022 19:29:51.285 信息 [main] org.apache.catalina.startup.VersionLoggerListener.log OS.版本:           10.0
24-Jan-2022 19:29:51.285 信息 [main] org.apache.catalina.startup.VersionLoggerListener.log 架构:              amd64
24-Jan-2022 19:29:51.285 信息 [main] org.apache.catalina.startup.VersionLoggerListener.log Java 环境变量:     C:\Program Files\Java\jdk-17.0.1
24-Jan-2022 19:29:51.285 信息 [main] org.apache.catalina.startup.VersionLoggerListener.log Java虚拟机版本:    17.0.1+12-LTS-39
24-Jan-2022 19:29:51.285 信息 [main] org.apache.catalina.startup.VersionLoggerListener.log JVM.供应商:        Oracle Corporation
24-Jan-2022 19:29:51.286 信息 [main] org.apache.catalina.startup.VersionLoggerListener.log CATALINA_BASE:     D:\project-takeout_bin\tomcat
24-Jan-2022 19:29:51.286 信息 [main] org.apache.catalina.startup.VersionLoggerListener.log CATALINA_HOME:     D:\project-takeout_bin\tomcat
24-Jan-2022 19:29:51.296 信息 [main] org.apache.catalina.startup.VersionLoggerListener.log 命令行参数：       --add-opens=java.base/java.lang=ALL-UNNAMED
24-Jan-2022 19:29:51.296 信息 [main] org.apache.catalina.startup.VersionLoggerListener.log 命令行参数：       --add-opens=java.base/java.io=ALL-UNNAMED
24-Jan-2022 19:29:51.297 信息 [main] org.apache.catalina.startup.VersionLoggerListener.log 命令行参数：       --add-opens=java.base/java.util=ALL-UNNAMED
24-Jan-2022 19:29:51.298 信息 [main] org.apache.catalina.startup.VersionLoggerListener.log 命令行参数：       --add-opens=java.base/java.util.concurrent=ALL-UNNAMED
24-Jan-2022 19:29:51.298 信息 [main] org.apache.catalina.startup.VersionLoggerListener.log 命令行参数：       --add-opens=java.rmi/sun.rmi.transport=ALL-UNNAMED
24-Jan-2022 19:29:51.298 信息 [main] org.apache.catalina.startup.VersionLoggerListener.log 命令行参数：       -Djava.util.logging.config.file=D:\project-takeout_bin\tomcat\conf\logging.properties
24-Jan-2022 19:29:51.318 信息 [main] org.apache.catalina.startup.VersionLoggerListener.log 命令行参数：       -Djava.util.logging.manager=org.apache.juli.ClassLoaderLogManager
24-Jan-2022 19:29:51.318 信息 [main] org.apache.catalina.startup.VersionLoggerListener.log 命令行参数：       -Djdk.tls.ephemeralDHKeySize=2048
24-Jan-2022 19:29:51.319 信息 [main] org.apache.catalina.startup.VersionLoggerListener.log 命令行参数：       -Djava.protocol.handler.pkgs=org.apache.catalina.webresources
24-Jan-2022 19:29:51.319 信息 [main] org.apache.catalina.startup.VersionLoggerListener.log 命令行参数：       -Dignore.endorsed.dirs=
24-Jan-2022 19:29:51.319 信息 [main] org.apache.catalina.startup.VersionLoggerListener.log 命令行参数：       -Dcatalina.base=D:\project-takeout_bin\tomcat
24-Jan-2022 19:29:51.320 信息 [main] org.apache.catalina.startup.VersionLoggerListener.log 命令行参数：       -Dcatalina.home=D:\project-takeout_bin\tomcat
24-Jan-2022 19:29:51.320 信息 [main] org.apache.catalina.startup.VersionLoggerListener.log 命令行参数：       -Djava.io.tmpdir=D:\project-takeout_bin\tomcat\temp
24-Jan-2022 19:29:51.335 信息 [main] org.apache.catalina.core.AprLifecycleListener.lifecycleEvent 在java.library.path:[C:\Program Files\Java\jdk-17.0.1\bin;C:\Windows\Sun\Java\bin;C:\Windows\system32;C:\Windows;C:\Program Files\Common Files\Oracle\Java\javapath;D:\Program Files (x86)\VMware\bin\;C:\Program Files (x86)\Common Files\Oracle\Java\javapath;C:\Windows\system32;C:\Windows;C:\Windows\System32\Wbem;C:\Windows\System32\WindowsPowerShell\v1.0\;C:\Windows\System32\OpenSSH\;C:\Program Files (x86)\NVIDIA Corporation\PhysX\Common;C:\Program Files\NVIDIA Corporation\NVIDIA NvDLISR;D:\mingw-w64\mingw64\bin;C:\Program Files\Go\bin;C:\Program Files\Git\cmd;D:\Program Files (x86)\Node.js\;"C:\Program Files\Java\jdk-17.0.1\bin;C:\Program Files\Java\jdk-17.0.1\jre\bin";D:\code\mysql\bin;C:\Users\15928\AppData\Local\Microsoft\WindowsApps;D:\Program Files (x86)\;D:\Program Files (x86)\Bandizip\;C:\Program Files (x86)\Microsoft VS Code\bin;C:\Users\15928\go\bin;C:\Users\15928\AppData\Roaming\npm;C:\Users\15928\AppData\Local\Pandoc\;.]上找不到基于APR的Apache Tomcat本机库，该库允许在生产环境中获得最佳性能
24-Jan-2022 19:29:51.643 信息 [main] org.apache.coyote.AbstractProtocol.init 初始化协议处理器 ["http-nio-8080"]
24-Jan-2022 19:29:51.675 信息 [main] org.apache.catalina.startup.Catalina.load 服务器在[642]毫秒内初始化
24-Jan-2022 19:29:51.731 信息 [main] org.apache.catalina.core.StandardService.startInternal 正在启动服务[Catalina]
24-Jan-2022 19:29:51.732 信息 [main] org.apache.catalina.core.StandardEngine.startInternal 正在启动 Servlet 引擎：[Apache Tomcat/10.0.16]
24-Jan-2022 19:29:51.746 信息 [main] org.apache.catalina.startup.HostConfig.deployDirectory 把web 应用程序部署到目录 [D:\project-takeout_bin\tomcat\webapps\docs]
24-Jan-2022 19:29:52.064 信息 [main] org.apache.catalina.startup.HostConfig.deployDirectory Web应用程序目录[D:\project-takeout_bin\tomcat\webapps\docs]的部署已在[312]毫秒内完成
24-Jan-2022 19:29:52.073 信息 [main] org.apache.catalina.startup.HostConfig.deployDirectory 把web 应用程序部署到目录 [D:\project-takeout_bin\tomcat\webapps\examples]
24-Jan-2022 19:29:52.718 信息 [main] org.apache.catalina.startup.HostConfig.deployDirectory Web应用程序目录[D:\project-takeout_bin\tomcat\webapps\examples]的部署已在[645]毫秒内完成
24-Jan-2022 19:29:52.725 信息 [main] org.apache.catalina.startup.HostConfig.deployDirectory 把web 应用程序部署到目录 [D:\project-takeout_bin\tomcat\webapps\host-manager]
24-Jan-2022 19:29:52.774 信息 [main] org.apache.catalina.startup.HostConfig.deployDirectory Web应用程序目录[D:\project-takeout_bin\tomcat\webapps\host-manager]的部署已在[48]毫秒内完成
24-Jan-2022 19:29:52.784 信息 [main] org.apache.catalina.startup.HostConfig.deployDirectory 把web 应用程序部署到目录 [D:\project-takeout_bin\tomcat\webapps\manager]
24-Jan-2022 19:29:52.827 信息 [main] org.apache.catalina.startup.HostConfig.deployDirectory Web应用程序目录[D:\project-takeout_bin\tomcat\webapps\manager]的部署已在[43]毫秒内完成
24-Jan-2022 19:29:52.835 信息 [main] org.apache.catalina.startup.HostConfig.deployDirectory 把web 应用程序部署到目录 [D:\project-takeout_bin\tomcat\webapps\ROOT]
24-Jan-2022 19:29:52.868 信息 [main] org.apache.catalina.startup.HostConfig.deployDirectory Web应用程序目录[D:\project-takeout_bin\tomcat\webapps\ROOT]的部署已在[32]毫秒内完成
24-Jan-2022 19:29:52.875 信息 [main] org.apache.coyote.AbstractProtocol.start 开始协议处理句柄["http-nio-8080"]
24-Jan-2022 19:29:52.945 信息 [main] org.apache.catalina.startup.Catalina.start [1270]毫秒后服务器启动
24-Jan-2022 19:29:59.419 信息 [main] org.apache.catalina.core.StandardServer.await 通过关闭端口接收到有效的关闭命令。正在停止服务器实例。
24-Jan-2022 19:29:59.428 信息 [main] org.apache.coyote.AbstractProtocol.pause 暂停ProtocolHandler["http-nio-8080"]
24-Jan-2022 19:29:59.438 信息 [main] org.apache.catalina.core.StandardService.stopInternal 正在停止服务[Catalina]
24-Jan-2022 19:29:59.463 信息 [main] org.apache.coyote.AbstractProtocol.stop 正在停止ProtocolHandler ["http-nio-8080"]
24-Jan-2022 19:29:59.474 信息 [main] org.apache.coyote.AbstractProtocol.destroy 正在摧毁协议处理器 ["http-nio-8080"]
24-Jan-2022 21:30:33.740 信息 [main] org.apache.catalina.startup.VersionLoggerListener.log Server.服务器版本: Apache Tomcat/10.0.16
24-Jan-2022 21:30:33.744 信息 [main] org.apache.catalina.startup.VersionLoggerListener.log 服务器构建:        Jan 15 2022 13:19:56 UTC
24-Jan-2022 21:30:33.744 信息 [main] org.apache.catalina.startup.VersionLoggerListener.log 服务器版本号:      10.0.16.0
24-Jan-2022 21:30:33.745 信息 [main] org.apache.catalina.startup.VersionLoggerListener.log 操作系统名称:      Windows 10
24-Jan-2022 21:30:33.746 信息 [main] org.apache.catalina.startup.VersionLoggerListener.log OS.版本:           10.0
24-Jan-2022 21:30:33.746 信息 [main] org.apache.catalina.startup.VersionLoggerListener.log 架构:              amd64
24-Jan-2022 21:30:33.746 信息 [main] org.apache.catalina.startup.VersionLoggerListener.log Java 环境变量:     C:\Program Files\Java\jdk-17.0.1
24-Jan-2022 21:30:33.746 信息 [main] org.apache.catalina.startup.VersionLoggerListener.log Java虚拟机版本:    17.0.1+12-LTS-39
24-Jan-2022 21:30:33.746 信息 [main] org.apache.catalina.startup.VersionLoggerListener.log JVM.供应商:        Oracle Corporation
24-Jan-2022 21:30:33.746 信息 [main] org.apache.catalina.startup.VersionLoggerListener.log CATALINA_BASE:     D:\project-takeout_bin\tomcat
24-Jan-2022 21:30:33.746 信息 [main] org.apache.catalina.startup.VersionLoggerListener.log CATALINA_HOME:     D:\project-takeout_bin\tomcat
24-Jan-2022 21:30:33.753 信息 [main] org.apache.catalina.startup.VersionLoggerListener.log 命令行参数：       --add-opens=java.base/java.lang=ALL-UNNAMED
24-Jan-2022 21:30:33.753 信息 [main] org.apache.catalina.startup.VersionLoggerListener.log 命令行参数：       --add-opens=java.base/java.io=ALL-UNNAMED
24-Jan-2022 21:30:33.753 信息 [main] org.apache.catalina.startup.VersionLoggerListener.log 命令行参数：       --add-opens=java.base/java.util=ALL-UNNAMED
24-Jan-2022 21:30:33.754 信息 [main] org.apache.catalina.startup.VersionLoggerListener.log 命令行参数：       --add-opens=java.base/java.util.concurrent=ALL-UNNAMED
24-Jan-2022 21:30:33.754 信息 [main] org.apache.catalina.startup.VersionLoggerListener.log 命令行参数：       --add-opens=java.rmi/sun.rmi.transport=ALL-UNNAMED
24-Jan-2022 21:30:33.754 信息 [main] org.apache.catalina.startup.VersionLoggerListener.log 命令行参数：       -Djava.util.logging.config.file=D:\project-takeout_bin\tomcat\conf\logging.properties
24-Jan-2022 21:30:33.755 信息 [main] org.apache.catalina.startup.VersionLoggerListener.log 命令行参数：       -Djava.util.logging.manager=org.apache.juli.ClassLoaderLogManager
24-Jan-2022 21:30:33.755 信息 [main] org.apache.catalina.startup.VersionLoggerListener.log 命令行参数：       -Djdk.tls.ephemeralDHKeySize=2048
24-Jan-2022 21:30:33.755 信息 [main] org.apache.catalina.startup.VersionLoggerListener.log 命令行参数：       -Djava.protocol.handler.pkgs=org.apache.catalina.webresources
24-Jan-2022 21:30:33.756 信息 [main] org.apache.catalina.startup.VersionLoggerListener.log 命令行参数：       -Dignore.endorsed.dirs=
24-Jan-2022 21:30:33.756 信息 [main] org.apache.catalina.startup.VersionLoggerListener.log 命令行参数：       -Dcatalina.base=D:\project-takeout_bin\tomcat
24-Jan-2022 21:30:33.756 信息 [main] org.apache.catalina.startup.VersionLoggerListener.log 命令行参数：       -Dcatalina.home=D:\project-takeout_bin\tomcat
24-Jan-2022 21:30:33.757 信息 [main] org.apache.catalina.startup.VersionLoggerListener.log 命令行参数：       -Djava.io.tmpdir=D:\project-takeout_bin\tomcat\temp
24-Jan-2022 21:30:33.766 信息 [main] org.apache.catalina.core.AprLifecycleListener.lifecycleEvent 在java.library.path:[C:\Program Files\Java\jdk-17.0.1\bin;C:\Windows\Sun\Java\bin;C:\Windows\system32;C:\Windows;C:\Program Files\Common Files\Oracle\Java\javapath;D:\Program Files (x86)\VMware\bin\;C:\Program Files (x86)\Common Files\Oracle\Java\javapath;C:\Windows\system32;C:\Windows;C:\Windows\System32\Wbem;C:\Windows\System32\WindowsPowerShell\v1.0\;C:\Windows\System32\OpenSSH\;C:\Program Files (x86)\NVIDIA Corporation\PhysX\Common;C:\Program Files\NVIDIA Corporation\NVIDIA NvDLISR;D:\mingw-w64\mingw64\bin;C:\Program Files\Go\bin;C:\Program Files\Git\cmd;D:\Program Files (x86)\Node.js\;"C:\Program Files\Java\jdk-17.0.1\bin;C:\Program Files\Java\jdk-17.0.1\jre\bin";D:\code\mysql\bin;C:\Users\15928\AppData\Local\Microsoft\WindowsApps;D:\Program Files (x86)\;D:\Program Files (x86)\Bandizip\;C:\Program Files (x86)\Microsoft VS Code\bin;C:\Users\15928\go\bin;C:\Users\15928\AppData\Roaming\npm;C:\Users\15928\AppData\Local\Pandoc\;.]上找不到基于APR的Apache Tomcat本机库，该库允许在生产环境中获得最佳性能
24-Jan-2022 21:30:33.988 信息 [main] org.apache.coyote.AbstractProtocol.init 初始化协议处理器 ["http-nio-8080"]
24-Jan-2022 21:30:34.012 信息 [main] org.apache.catalina.startup.Catalina.load 服务器在[417]毫秒内初始化
24-Jan-2022 21:30:34.050 信息 [main] org.apache.catalina.core.StandardService.startInternal 正在启动服务[Catalina]
24-Jan-2022 21:30:34.050 信息 [main] org.apache.catalina.core.StandardEngine.startInternal 正在启动 Servlet 引擎：[Apache Tomcat/10.0.16]
24-Jan-2022 21:30:34.061 信息 [main] org.apache.catalina.startup.HostConfig.deployDirectory 把web 应用程序部署到目录 [D:\project-takeout_bin\tomcat\webapps\docs]
24-Jan-2022 21:30:34.278 信息 [main] org.apache.catalina.startup.HostConfig.deployDirectory Web应用程序目录[D:\project-takeout_bin\tomcat\webapps\docs]的部署已在[215]毫秒内完成
24-Jan-2022 21:30:34.285 信息 [main] org.apache.catalina.startup.HostConfig.deployDirectory 把web 应用程序部署到目录 [D:\project-takeout_bin\tomcat\webapps\examples]
24-Jan-2022 21:30:34.709 信息 [main] org.apache.catalina.startup.HostConfig.deployDirectory Web应用程序目录[D:\project-takeout_bin\tomcat\webapps\examples]的部署已在[424]毫秒内完成
24-Jan-2022 21:30:34.716 信息 [main] org.apache.catalina.startup.HostConfig.deployDirectory 把web 应用程序部署到目录 [D:\project-takeout_bin\tomcat\webapps\host-manager]
24-Jan-2022 21:30:34.752 信息 [main] org.apache.catalina.startup.HostConfig.deployDirectory Web应用程序目录[D:\project-takeout_bin\tomcat\webapps\host-manager]的部署已在[36]毫秒内完成
24-Jan-2022 21:30:34.753 信息 [main] org.apache.catalina.startup.HostConfig.deployDirectory 把web 应用程序部署到目录 [D:\project-takeout_bin\tomcat\webapps\manager]
24-Jan-2022 21:30:34.791 信息 [main] org.apache.catalina.startup.HostConfig.deployDirectory Web应用程序目录[D:\project-takeout_bin\tomcat\webapps\manager]的部署已在[38]毫秒内完成
24-Jan-2022 21:30:34.798 信息 [main] org.apache.catalina.startup.HostConfig.deployDirectory 把web 应用程序部署到目录 [D:\project-takeout_bin\tomcat\webapps\ROOT]
24-Jan-2022 21:30:34.819 信息 [main] org.apache.catalina.startup.HostConfig.deployDirectory Web应用程序目录[D:\project-takeout_bin\tomcat\webapps\ROOT]的部署已在[21]毫秒内完成
24-Jan-2022 21:30:34.823 信息 [main] org.apache.coyote.AbstractProtocol.start 开始协议处理句柄["http-nio-8080"]
24-Jan-2022 21:30:34.883 信息 [main] org.apache.catalina.startup.Catalina.start [869]毫秒后服务器启动
24-Jan-2022 21:30:55.056 信息 [main] org.apache.catalina.core.StandardServer.await 通过关闭端口接收到有效的关闭命令。正在停止服务器实例。
24-Jan-2022 21:31:02.110 严重 [main] org.apache.catalina.startup.Catalina.stopServer 无法联系[localhost:8005]（基端口[8005]和偏移量[0]）。Tomcat可能不在运行。
24-Jan-2022 21:42:13.140 信息 [main] org.apache.catalina.startup.VersionLoggerListener.log Server.服务器版本: Apache Tomcat/10.0.16
24-Jan-2022 21:42:13.143 信息 [main] org.apache.catalina.startup.VersionLoggerListener.log 服务器构建:        Jan 15 2022 13:19:56 UTC
24-Jan-2022 21:42:13.144 信息 [main] org.apache.catalina.startup.VersionLoggerListener.log 服务器版本号:      10.0.16.0
24-Jan-2022 21:42:13.144 信息 [main] org.apache.catalina.startup.VersionLoggerListener.log 操作系统名称:      Windows 10
24-Jan-2022 21:42:13.145 信息 [main] org.apache.catalina.startup.VersionLoggerListener.log OS.版本:           10.0
24-Jan-2022 21:42:13.145 信息 [main] org.apache.catalina.startup.VersionLoggerListener.log 架构:              amd64
24-Jan-2022 21:42:13.145 信息 [main] org.apache.catalina.startup.VersionLoggerListener.log Java 环境变量:     C:\Program Files\Java\jdk-17.0.1
24-Jan-2022 21:42:13.145 信息 [main] org.apache.catalina.startup.VersionLoggerListener.log Java虚拟机版本:    17.0.1+12-LTS-39
24-Jan-2022 21:42:13.145 信息 [main] org.apache.catalina.startup.VersionLoggerListener.log JVM.供应商:        Oracle Corporation
24-Jan-2022 21:42:13.145 信息 [main] org.apache.catalina.startup.VersionLoggerListener.log CATALINA_BASE:     D:\project-takeout_bin\tomcat
24-Jan-2022 21:42:13.145 信息 [main] org.apache.catalina.startup.VersionLoggerListener.log CATALINA_HOME:     D:\project-takeout_bin\tomcat
24-Jan-2022 21:42:13.153 信息 [main] org.apache.catalina.startup.VersionLoggerListener.log 命令行参数：       --add-opens=java.base/java.lang=ALL-UNNAMED
24-Jan-2022 21:42:13.153 信息 [main] org.apache.catalina.startup.VersionLoggerListener.log 命令行参数：       --add-opens=java.base/java.io=ALL-UNNAMED
24-Jan-2022 21:42:13.153 信息 [main] org.apache.catalina.startup.VersionLoggerListener.log 命令行参数：       --add-opens=java.base/java.util=ALL-UNNAMED
24-Jan-2022 21:42:13.153 信息 [main] org.apache.catalina.startup.VersionLoggerListener.log 命令行参数：       --add-opens=java.base/java.util.concurrent=ALL-UNNAMED
24-Jan-2022 21:42:13.153 信息 [main] org.apache.catalina.startup.VersionLoggerListener.log 命令行参数：       --add-opens=java.rmi/sun.rmi.transport=ALL-UNNAMED
24-Jan-2022 21:42:13.154 信息 [main] org.apache.catalina.startup.VersionLoggerListener.log 命令行参数：       -Djava.util.logging.config.file=D:\project-takeout_bin\tomcat\conf\logging.properties
24-Jan-2022 21:42:13.154 信息 [main] org.apache.catalina.startup.VersionLoggerListener.log 命令行参数：       -Djava.util.logging.manager=org.apache.juli.ClassLoaderLogManager
24-Jan-2022 21:42:13.154 信息 [main] org.apache.catalina.startup.VersionLoggerListener.log 命令行参数：       -Djdk.tls.ephemeralDHKeySize=2048
24-Jan-2022 21:42:13.155 信息 [main] org.apache.catalina.startup.VersionLoggerListener.log 命令行参数：       -Djava.protocol.handler.pkgs=org.apache.catalina.webresources
24-Jan-2022 21:42:13.155 信息 [main] org.apache.catalina.startup.VersionLoggerListener.log 命令行参数：       -Dignore.endorsed.dirs=
24-Jan-2022 21:42:13.155 信息 [main] org.apache.catalina.startup.VersionLoggerListener.log 命令行参数：       -Dcatalina.base=D:\project-takeout_bin\tomcat
24-Jan-2022 21:42:13.156 信息 [main] org.apache.catalina.startup.VersionLoggerListener.log 命令行参数：       -Dcatalina.home=D:\project-takeout_bin\tomcat
24-Jan-2022 21:42:13.156 信息 [main] org.apache.catalina.startup.VersionLoggerListener.log 命令行参数：       -Djava.io.tmpdir=D:\project-takeout_bin\tomcat\temp
24-Jan-2022 21:42:13.166 信息 [main] org.apache.catalina.core.AprLifecycleListener.lifecycleEvent 在java.library.path:[C:\Program Files\Java\jdk-17.0.1\bin;C:\Windows\Sun\Java\bin;C:\Windows\system32;C:\Windows;C:\Program Files\Common Files\Oracle\Java\javapath;D:\Program Files (x86)\VMware\bin\;C:\Program Files (x86)\Common Files\Oracle\Java\javapath;C:\Windows\system32;C:\Windows;C:\Windows\System32\Wbem;C:\Windows\System32\WindowsPowerShell\v1.0\;C:\Windows\System32\OpenSSH\;C:\Program Files (x86)\NVIDIA Corporation\PhysX\Common;C:\Program Files\NVIDIA Corporation\NVIDIA NvDLISR;D:\mingw-w64\mingw64\bin;C:\Program Files\Go\bin;C:\Program Files\Git\cmd;D:\Program Files (x86)\Node.js\;"C:\Program Files\Java\jdk-17.0.1\bin;C:\Program Files\Java\jdk-17.0.1\jre\bin";D:\code\mysql\bin;C:\Users\15928\AppData\Local\Microsoft\WindowsApps;D:\Program Files (x86)\;D:\Program Files (x86)\Bandizip\;C:\Program Files (x86)\Microsoft VS Code\bin;C:\Users\15928\go\bin;C:\Users\15928\AppData\Roaming\npm;C:\Users\15928\AppData\Local\Pandoc\;.]上找不到基于APR的Apache Tomcat本机库，该库允许在生产环境中获得最佳性能
24-Jan-2022 21:42:13.351 信息 [main] org.apache.coyote.AbstractProtocol.init 初始化协议处理器 ["http-nio-8080"]
24-Jan-2022 21:42:13.370 信息 [main] org.apache.catalina.startup.Catalina.load 服务器在[375]毫秒内初始化
24-Jan-2022 21:42:13.404 信息 [main] org.apache.catalina.core.StandardService.startInternal 正在启动服务[Catalina]
24-Jan-2022 21:42:13.404 信息 [main] org.apache.catalina.core.StandardEngine.startInternal 正在启动 Servlet 引擎：[Apache Tomcat/10.0.16]
24-Jan-2022 21:42:13.413 信息 [main] org.apache.catalina.startup.HostConfig.deployDirectory 把web 应用程序部署到目录 [D:\project-takeout_bin\tomcat\webapps\docs]
24-Jan-2022 21:42:13.618 信息 [main] org.apache.catalina.startup.HostConfig.deployDirectory Web应用程序目录[D:\project-takeout_bin\tomcat\webapps\docs]的部署已在[203]毫秒内完成
24-Jan-2022 21:42:13.618 信息 [main] org.apache.catalina.startup.HostConfig.deployDirectory 把web 应用程序部署到目录 [D:\project-takeout_bin\tomcat\webapps\examples]
24-Jan-2022 21:42:13.941 信息 [main] org.apache.catalina.startup.HostConfig.deployDirectory Web应用程序目录[D:\project-takeout_bin\tomcat\webapps\examples]的部署已在[323]毫秒内完成
24-Jan-2022 21:42:13.941 信息 [main] org.apache.catalina.startup.HostConfig.deployDirectory 把web 应用程序部署到目录 [D:\project-takeout_bin\tomcat\webapps\host-manager]
24-Jan-2022 21:42:13.980 信息 [main] org.apache.catalina.startup.HostConfig.deployDirectory Web应用程序目录[D:\project-takeout_bin\tomcat\webapps\host-manager]的部署已在[39]毫秒内完成
24-Jan-2022 21:42:13.981 信息 [main] org.apache.catalina.startup.HostConfig.deployDirectory 把web 应用程序部署到目录 [D:\project-takeout_bin\tomcat\webapps\manager]
24-Jan-2022 21:42:14.016 信息 [main] org.apache.catalina.startup.HostConfig.deployDirectory Web应用程序目录[D:\project-takeout_bin\tomcat\webapps\manager]的部署已在[35]毫秒内完成
24-Jan-2022 21:42:14.017 信息 [main] org.apache.catalina.startup.HostConfig.deployDirectory 把web 应用程序部署到目录 [D:\project-takeout_bin\tomcat\webapps\ROOT]
24-Jan-2022 21:42:14.037 信息 [main] org.apache.catalina.startup.HostConfig.deployDirectory Web应用程序目录[D:\project-takeout_bin\tomcat\webapps\ROOT]的部署已在[19]毫秒内完成
24-Jan-2022 21:42:14.040 信息 [main] org.apache.coyote.AbstractProtocol.start 开始协议处理句柄["http-nio-8080"]
24-Jan-2022 21:42:14.090 信息 [main] org.apache.catalina.startup.Catalina.start [720]毫秒后服务器启动
24-Jan-2022 21:42:31.900 信息 [main] org.apache.catalina.core.StandardServer.await 通过关闭端口接收到有效的关闭命令。正在停止服务器实例。
24-Jan-2022 21:42:31.901 信息 [main] org.apache.coyote.AbstractProtocol.pause 暂停ProtocolHandler["http-nio-8080"]
24-Jan-2022 21:42:31.911 信息 [main] org.apache.catalina.core.StandardService.stopInternal 正在停止服务[Catalina]
24-Jan-2022 21:42:31.923 信息 [main] org.apache.coyote.AbstractProtocol.stop 正在停止ProtocolHandler ["http-nio-8080"]
24-Jan-2022 21:42:31.948 信息 [main] org.apache.coyote.AbstractProtocol.destroy 正在摧毁协议处理器 ["http-nio-8080"]
